# JRE version: OpenJDK Runtime Environment (11.0.15) (build 11.0.15+0-b2043.56-9505619)
# Java VM: OpenJDK 64-Bit Server VM (11.0.15+0-b2043.56-9505619, mixed mode, tiered, compressed oops, g1 gc, windows-amd64)
Heap:
 garbage-first heap   total 189440K, used 122126K [0x0000000080000000, 0x0000000100000000)
  region size 1024K, 7 young (7168K), 3 survivors (3072K)
 Metaspace       used 142220K, capacity 146216K, committed 147504K, reserved 1177600K
  class space    used 17582K, capacity 19081K, committed 19584K, reserved 1048576K
GC Heap History (20 events):
Event: 6710.822 GC heap before
{Heap before GC invocations=196 (full 0):
 garbage-first heap   total 189440K, used 135160K [0x0000000080000000, 0x0000000100000000)
  region size 1024K, 19 young (19456K), 2 survivors (2048K)
 Metaspace       used 139614K, capacity 143470K, committed 145200K, reserved 1175552K
  class space    used 17504K, capacity 18981K, committed 19584K, reserved 1048576K
}
Event: 6710.851 GC heap after
{Heap after GC invocations=197 (full 0):
 garbage-first heap   total 189440K, used 120563K [0x0000000080000000, 0x0000000100000000)
  region size 1024K, 4 young (4096K), 4 survivors (4096K)
 Metaspace       used 139614K, capacity 143470K, committed 145200K, reserved 1175552K
  class space    used 17504K, capacity 18981K, committed 19584K, reserved 1048576K
}
Event: 6716.949 GC heap before
{Heap before GC invocations=198 (full 0):
 garbage-first heap   total 189440K, used 149235K [0x0000000080000000, 0x0000000100000000)
  region size 1024K, 32 young (32768K), 4 survivors (4096K)
 Metaspace       used 140181K, capacity 144050K, committed 145712K, reserved 1175552K
  class space    used 17530K, capacity 19007K, committed 19584K, reserved 1048576K
}
Event: 6717.066 GC heap after
{Heap after GC invocations=199 (full 0):
 garbage-first heap   total 189440K, used 125312K [0x0000000080000000, 0x0000000100000000)
  region size 1024K, 4 young (4096K), 4 survivors (4096K)
 Metaspace       used 140181K, capacity 144050K, committed 145712K, reserved 1175552K
  class space    used 17530K, capacity 19007K, committed 19584K, reserved 1048576K
}
Event: 6717.651 GC heap before
{Heap before GC invocations=199 (full 0):
 garbage-first heap   total 189440K, used 130432K [0x0000000080000000, 0x0000000100000000)
  region size 1024K, 9 young (9216K), 4 survivors (4096K)
 Metaspace       used 140412K, capacity 144320K, committed 145968K, reserved 1175552K
  class space    used 17535K, capacity 19009K, committed 19584K, reserved 1048576K
}
Event: 6717.745 GC heap after
{Heap after GC invocations=200 (full 0):
 garbage-first heap   total 189440K, used 124957K [0x0000000080000000, 0x0000000100000000)
  region size 1024K, 1 young (1024K), 1 survivors (1024K)
 Metaspace       used 140412K, capacity 144320K, committed 145968K, reserved 1175552K
  class space    used 17535K, capacity 19009K, committed 19584K, reserved 1048576K
}
Event: 6722.682 GC heap before
{Heap before GC invocations=200 (full 0):
 garbage-first heap   total 189440K, used 150557K [0x0000000080000000, 0x0000000100000000)
  region size 1024K, 27 young (27648K), 1 survivors (1024K)
 Metaspace       used 141408K, capacity 145261K, committed 146992K, reserved 1177600K
  class space    used 17536K, capacity 19011K, committed 19584K, reserved 1048576K
}
Event: 6722.702 GC heap after
{Heap after GC invocations=201 (full 0):
 garbage-first heap   total 189440K, used 125259K [0x0000000080000000, 0x0000000100000000)
  region size 1024K, 1 young (1024K), 1 survivors (1024K)
 Metaspace       used 141408K, capacity 145261K, committed 146992K, reserved 1177600K
  class space    used 17536K, capacity 19011K, committed 19584K, reserved 1048576K
}
Event: 6728.912 GC heap before
{Heap before GC invocations=202 (full 0):
 garbage-first heap   total 189440K, used 153931K [0x0000000080000000, 0x0000000100000000)
  region size 1024K, 29 young (29696K), 1 survivors (1024K)
 Metaspace       used 141945K, capacity 145883K, committed 147504K, reserved 1177600K
  class space    used 17543K, capacity 19017K, committed 19584K, reserved 1048576K
}
Event: 6728.949 GC heap after
{Heap after GC invocations=203 (full 0):
 garbage-first heap   total 189440K, used 129896K [0x0000000080000000, 0x0000000100000000)
  region size 1024K, 4 young (4096K), 4 survivors (4096K)
 Metaspace       used 141945K, capacity 145883K, committed 147504K, reserved 1177600K
  class space    used 17543K, capacity 19017K, committed 19584K, reserved 1048576K
}
Event: 6729.428 GC heap before
{Heap before GC invocations=203 (full 0):
 garbage-first heap   total 189440K, used 135016K [0x0000000080000000, 0x0000000100000000)
  region size 1024K, 9 young (9216K), 4 survivors (4096K)
 Metaspace       used 141957K, capacity 145887K, committed 147504K, reserved 1177600K
  class space    used 17543K, capacity 19017K, committed 19584K, reserved 1048576K
}
Event: 6729.511 GC heap after
{Heap after GC invocations=204 (full 0):
 garbage-first heap   total 189440K, used 127856K [0x0000000080000000, 0x0000000100000000)
  region size 1024K, 2 young (2048K), 2 survivors (2048K)
 Metaspace       used 141957K, capacity 145887K, committed 147504K, reserved 1177600K
  class space    used 17543K, capacity 19017K, committed 19584K, reserved 1048576K
}
Event: 6735.495 GC heap before
{Heap before GC invocations=204 (full 0):
 garbage-first heap   total 189440K, used 141168K [0x0000000080000000, 0x0000000100000000)
  region size 1024K, 16 young (16384K), 2 survivors (2048K)
 Metaspace       used 142088K, capacity 146088K, committed 147504K, reserved 1177600K
  class space    used 17562K, capacity 19046K, committed 19584K, reserved 1048576K
}
Event: 6735.526 GC heap after
{Heap after GC invocations=205 (full 0):
 garbage-first heap   total 189440K, used 127382K [0x0000000080000000, 0x0000000100000000)
  region size 1024K, 3 young (3072K), 3 survivors (3072K)
 Metaspace       used 142088K, capacity 146088K, committed 147504K, reserved 1177600K
  class space    used 17562K, capacity 19046K, committed 19584K, reserved 1048576K
}
Event: 7485.343 GC heap before
{Heap before GC invocations=206 (full 0):
 garbage-first heap   total 189440K, used 176534K [0x0000000080000000, 0x0000000100000000)
  region size 1024K, 25 young (25600K), 3 survivors (3072K)
 Metaspace       used 142110K, capacity 146107K, committed 147504K, reserved 1177600K
  class space    used 17565K, capacity 19052K, committed 19584K, reserved 1048576K
}
Event: 7485.356 GC heap after
{Heap after GC invocations=207 (full 0):
 garbage-first heap   total 189440K, used 122422K [0x0000000080000000, 0x0000000100000000)
  region size 1024K, 1 young (1024K), 1 survivors (1024K)
 Metaspace       used 142110K, capacity 146107K, committed 147504K, reserved 1177600K
  class space    used 17565K, capacity 19052K, committed 19584K, reserved 1048576K
}
Event: 7919.818 GC heap before
{Heap before GC invocations=207 (full 0):
 garbage-first heap   total 189440K, used 130614K [0x0000000080000000, 0x0000000100000000)
  region size 1024K, 9 young (9216K), 1 survivors (1024K)
 Metaspace       used 142115K, capacity 146108K, committed 147504K, reserved 1177600K
  class space    used 17565K, capacity 19052K, committed 19584K, reserved 1048576K
}
Event: 7919.871 GC heap after
{Heap after GC invocations=208 (full 0):
 garbage-first heap   total 189440K, used 117289K [0x0000000080000000, 0x0000000100000000)
  region size 1024K, 1 young (1024K), 1 survivors (1024K)
 Metaspace       used 142115K, capacity 146108K, committed 147504K, reserved 1177600K
  class space    used 17565K, capacity 19052K, committed 19584K, reserved 1048576K
}
Event: 8375.911 GC heap before
{Heap before GC invocations=208 (full 0):
 garbage-first heap   total 189440K, used 145961K [0x0000000080000000, 0x0000000100000000)
  region size 1024K, 30 young (30720K), 1 survivors (1024K)
 Metaspace       used 142191K, capacity 146198K, committed 147504K, reserved 1177600K
  class space    used 17578K, capacity 19075K, committed 19584K, reserved 1048576K
}
Event: 8375.946 GC heap after
{Heap after GC invocations=209 (full 0):
 garbage-first heap   total 189440K, used 119054K [0x0000000080000000, 0x0000000100000000)
  region size 1024K, 3 young (3072K), 3 survivors (3072K)
 Metaspace       used 142191K, capacity 146198K, committed 147504K, reserved 1177600K
  class space    used 17578K, capacity 19075K, committed 19584K, reserved 1048576K
}

